<?xml version="1.0" encoding="UTF-8"?>
<robot generator="Robot 6.0.2 (Python 3.11.2 on win32)" generated="20230522 15:37:22.202" rpa="false" schemaversion="3">
<suite id="s1" name="Amazon" source="D:\robot framework practice\TaskAmazon\amazon.robot">
<test id="s1-t1" name="opening web application" line="44">
<kw name="opening application">
<kw name="Open Browser" library="SeleniumLibrary">
<arg>${url}</arg>
<arg>${browser}</arg>
<doc>Opens a new browser instance to the optional ``url``.</doc>
<msg timestamp="20230522 15:37:22.426" level="INFO">Opening browser 'chrome' to base url 'https://www.amazon.in/'.</msg>
<status status="PASS" starttime="20230522 15:37:22.425" endtime="20230522 15:41:59.669"/>
</kw>
<kw name="Maximize Browser Window" library="SeleniumLibrary">
<doc>Maximizes current browser window.</doc>
<msg timestamp="20230522 15:41:59.696" level="WARN">Keyword 'Capture Page Screenshot' could not be run on failure: Message: no such window: target window already closed
from unknown error: web view not found
  (Session info: chrome=113.0.5672.127)
Stacktrace:
Backtrace:
	GetHandleVerifier [0x00DF8893+48451]
	(No symbol) [0x00D8B8A1]
	(No symbol) [0x00C95058]
	(No symbol) [0x00C7D073]
	(No symbol) [0x00CDDEBB]
	(No symbol) [0x00CEBFD3]
	(No symbol) [0x00CDA0B6]
	(No symbol) [0x00CB7E08]
	(No symbol) [0x00CB8F2D]
	GetHandleVerifier [0x01058E3A+2540266]
	GetHandleVerifier [0x01098959+2801161]
	GetHandleVerifier [0x0109295C+2776588]
	GetHandleVerifier [0x00E82280+612144]
	(No symbol) [0x00D94F6C]
	(No symbol) [0x00D911D8]
	(No symbol) [0x00D912BB]
	(No symbol) [0x00D84857]
	BaseThreadInitThunk [0x763D00C9+25]
	RtlGetAppContainerNamedObjectPath [0x77877B4E+286]
	RtlGetAppContainerNamedObjectPath [0x77877B1E+238]
</msg>
<msg timestamp="20230522 15:41:59.706" level="FAIL">NoSuchWindowException: Message: no such window: target window already closed
from unknown error: web view not found
  (Session info: chrome=113.0.5672.127)
Stacktrace:
Backtrace:
	GetHandleVerifier [0x00DF8893+48451]
	(No symbol) [0x00D8B8A1]
	(No symbol) [0x00C95058]
	(No symbol) [0x00C7D073]
	(No symbol) [0x00CDDEBB]
	(No symbol) [0x00CEBFD3]
	(No symbol) [0x00CDA0B6]
	(No symbol) [0x00CB7E08]
	(No symbol) [0x00CB8F2D]
	GetHandleVerifier [0x01058E3A+2540266]
	GetHandleVerifier [0x01098959+2801161]
	GetHandleVerifier [0x0109295C+2776588]
	GetHandleVerifier [0x00E82280+612144]
	(No symbol) [0x00D94F6C]
	(No symbol) [0x00D911D8]
	(No symbol) [0x00D912BB]
	(No symbol) [0x00D84857]
	BaseThreadInitThunk [0x763D00C9+25]
	RtlGetAppContainerNamedObjectPath [0x77877B4E+286]
	RtlGetAppContainerNamedObjectPath [0x77877B1E+238]
</msg>
<status status="FAIL" starttime="20230522 15:41:59.670" endtime="20230522 15:41:59.756"/>
</kw>
<kw name="Scroll Element Into View" library="SeleniumLibrary">
<arg>${deals}</arg>
<doc>Scrolls the element identified by ``locator`` into view.</doc>
<status status="NOT RUN" starttime="20230522 15:41:59.757" endtime="20230522 15:41:59.757"/>
</kw>
<kw name="Click Element" library="SeleniumLibrary">
<arg>${item}</arg>
<doc>Click the element identified by ``locator``.</doc>
<status status="NOT RUN" starttime="20230522 15:41:59.757" endtime="20230522 15:41:59.757"/>
</kw>
<kw name="Sleep" library="BuiltIn">
<arg>10s</arg>
<doc>Pauses the test executed for the given time.</doc>
<status status="NOT RUN" starttime="20230522 15:41:59.757" endtime="20230522 15:41:59.757"/>
</kw>
<kw name="Click Element" library="SeleniumLibrary">
<arg>${clickitem}</arg>
<doc>Click the element identified by ``locator``.</doc>
<status status="NOT RUN" starttime="20230522 15:41:59.757" endtime="20230522 15:41:59.757"/>
</kw>
<kw name="Sleep" library="BuiltIn">
<arg>5s</arg>
<doc>Pauses the test executed for the given time.</doc>
<status status="NOT RUN" starttime="20230522 15:41:59.757" endtime="20230522 15:41:59.758"/>
</kw>
<kw name="Scroll Element Into View" library="SeleniumLibrary">
<arg>${btn}</arg>
<doc>Scrolls the element identified by ``locator`` into view.</doc>
<status status="NOT RUN" starttime="20230522 15:41:59.758" endtime="20230522 15:41:59.758"/>
</kw>
<kw name="Sleep" library="BuiltIn">
<arg>10s</arg>
<doc>Pauses the test executed for the given time.</doc>
<status status="NOT RUN" starttime="20230522 15:41:59.758" endtime="20230522 15:41:59.758"/>
</kw>
<kw name="Click Link" library="SeleniumLibrary">
<arg>${click}</arg>
<doc>Clicks a link identified by ``locator``.</doc>
<status status="NOT RUN" starttime="20230522 15:41:59.758" endtime="20230522 15:41:59.758"/>
</kw>
<kw name="Scroll Element Into View" library="SeleniumLibrary">
<arg>${price}</arg>
<doc>Scrolls the element identified by ``locator`` into view.</doc>
<status status="NOT RUN" starttime="20230522 15:41:59.758" endtime="20230522 15:41:59.758"/>
</kw>
<kw name="Get Text" library="SeleniumLibrary">
<var>${val}</var>
<arg>${price2}</arg>
<doc>Returns the text value of the element identified by ``locator``.</doc>
<status status="NOT RUN" starttime="20230522 15:41:59.758" endtime="20230522 15:41:59.758"/>
</kw>
<kw name="Get Text" library="SeleniumLibrary">
<var>${val1}</var>
<arg>${price}</arg>
<doc>Returns the text value of the element identified by ``locator``.</doc>
<status status="NOT RUN" starttime="20230522 15:41:59.758" endtime="20230522 15:41:59.758"/>
</kw>
<kw name="Set Variable" library="BuiltIn">
<var>${val3}</var>
<arg>${val}${val1}</arg>
<doc>Returns the given values which can then be assigned to a variables.</doc>
<status status="NOT RUN" starttime="20230522 15:41:59.759" endtime="20230522 15:41:59.759"/>
</kw>
<kw name="Should Be Equal As Strings" library="BuiltIn">
<arg>${val3}</arg>
<arg>â‚¹49,490</arg>
<doc>Fails if objects are unequal after converting them to strings.</doc>
<status status="NOT RUN" starttime="20230522 15:41:59.759" endtime="20230522 15:41:59.759"/>
</kw>
<kw name="Sleep" library="BuiltIn">
<arg>5s</arg>
<doc>Pauses the test executed for the given time.</doc>
<status status="NOT RUN" starttime="20230522 15:41:59.759" endtime="20230522 15:41:59.759"/>
</kw>
<kw name="Scroll Element Into View" library="SeleniumLibrary">
<arg>${link}</arg>
<doc>Scrolls the element identified by ``locator`` into view.</doc>
<status status="NOT RUN" starttime="20230522 15:41:59.760" endtime="20230522 15:41:59.760"/>
</kw>
<kw name="Sleep" library="BuiltIn">
<arg>10s</arg>
<doc>Pauses the test executed for the given time.</doc>
<status status="NOT RUN" starttime="20230522 15:41:59.761" endtime="20230522 15:41:59.761"/>
</kw>
<kw name="Click Link" library="SeleniumLibrary">
<arg>${link}</arg>
<doc>Clicks a link identified by ``locator``.</doc>
<status status="NOT RUN" starttime="20230522 15:41:59.762" endtime="20230522 15:41:59.762"/>
</kw>
<kw name="Sleep" library="BuiltIn">
<arg>10s</arg>
<doc>Pauses the test executed for the given time.</doc>
<status status="NOT RUN" starttime="20230522 15:41:59.762" endtime="20230522 15:41:59.762"/>
</kw>
<status status="FAIL" starttime="20230522 15:37:22.425" endtime="20230522 15:41:59.763"/>
</kw>
<kw name="Close Browser" library="SeleniumLibrary" type="TEARDOWN">
<doc>Closes the current browser.</doc>
<status status="PASS" starttime="20230522 15:41:59.763" endtime="20230522 15:42:01.911"/>
</kw>
<status status="FAIL" starttime="20230522 15:37:22.424" endtime="20230522 15:42:01.914">NoSuchWindowException: Message: no such window: target window already closed
from unknown error: web view not found
  (Session info: chrome=113.0.5672.127)
Stacktrace:
Backtrace:
	GetHandleVerifier [0x00DF8893+48451]
	(No symbol) [0x00D8B8A1]
	(No symbol) [0x00C95058]
	(No symbol) [0x00C7D073]
	(No symbol) [0x00CDDEBB]
	(No symbol) [0x00CEBFD3]
	(No symbol) [0x00CDA0B6]
	(No symbol) [0x00CB7E08]
	(No symbol) [0x00CB8F2D]
	GetHandleVerifier [0x01058E3A+2540266]
	GetHandleVerifier [0x01098959+2801161]
	GetHandleVerifier [0x0109295C+2776588]
	GetHandleVerifier [0x00E82280+612144]
	(No symbol) [0x00D94F6C]
	(No symbol) [0x00D911D8]
	(No symbol) [0x00D912BB]
	(No symbol) [0x00D84857]
	BaseThreadInitThunk [0x763D00C9+25]
	RtlGetAppContainerNamedObjectPath [0x77877B4E+286]
	RtlGetAppContainerNamedObjectPath [0x77877B1E+238]
</status>
</test>
<status status="FAIL" starttime="20230522 15:37:22.203" endtime="20230522 15:42:01.936"/>
</suite>
<statistics>
<total>
<stat pass="0" fail="1" skip="0">All Tests</stat>
</total>
<tag>
</tag>
<suite>
<stat pass="0" fail="1" skip="0" id="s1" name="Amazon">Amazon</stat>
</suite>
</statistics>
<errors>
<msg timestamp="20230522 15:41:59.696" level="WARN">Keyword 'Capture Page Screenshot' could not be run on failure: Message: no such window: target window already closed
from unknown error: web view not found
  (Session info: chrome=113.0.5672.127)
Stacktrace:
Backtrace:
	GetHandleVerifier [0x00DF8893+48451]
	(No symbol) [0x00D8B8A1]
	(No symbol) [0x00C95058]
	(No symbol) [0x00C7D073]
	(No symbol) [0x00CDDEBB]
	(No symbol) [0x00CEBFD3]
	(No symbol) [0x00CDA0B6]
	(No symbol) [0x00CB7E08]
	(No symbol) [0x00CB8F2D]
	GetHandleVerifier [0x01058E3A+2540266]
	GetHandleVerifier [0x01098959+2801161]
	GetHandleVerifier [0x0109295C+2776588]
	GetHandleVerifier [0x00E82280+612144]
	(No symbol) [0x00D94F6C]
	(No symbol) [0x00D911D8]
	(No symbol) [0x00D912BB]
	(No symbol) [0x00D84857]
	BaseThreadInitThunk [0x763D00C9+25]
	RtlGetAppContainerNamedObjectPath [0x77877B4E+286]
	RtlGetAppContainerNamedObjectPath [0x77877B1E+238]
</msg>
</errors>
</robot>
